Determining if the pthread_create exist failed with the following output:
Change Dir: /home/ITER/ferrog/SUP/sequencer/src/test/c++/build/CMakeFiles/CMakeTmp

Run Build Command:"/usr/bin/gmake" "cmTC_d85c3/fast"
gmake[1]: Entering directory `/home/ITER/ferrog/SUP/sequencer/src/test/c++/build/CMakeFiles/CMakeTmp'
gmake[1]: Warning: File `Makefile' has modification time 769 s in the future
/usr/bin/gmake -f CMakeFiles/cmTC_d85c3.dir/build.make CMakeFiles/cmTC_d85c3.dir/build
gmake[2]: Entering directory `/home/ITER/ferrog/SUP/sequencer/src/test/c++/build/CMakeFiles/CMakeTmp'
gmake[2]: Warning: File `CMakeFiles/cmTC_d85c3.dir/flags.make' has modification time 769 s in the future
Building CXX object CMakeFiles/cmTC_d85c3.dir/CheckSymbolExists.cxx.o
/usr/bin/c++     -o CMakeFiles/cmTC_d85c3.dir/CheckSymbolExists.cxx.o -c /home/ITER/ferrog/SUP/sequencer/src/test/c++/build/CMakeFiles/CMakeTmp/CheckSymbolExists.cxx
Linking CXX executable cmTC_d85c3
/usr/bin/cmake3 -E cmake_link_script CMakeFiles/cmTC_d85c3.dir/link.txt --verbose=1
/usr/bin/c++       CMakeFiles/cmTC_d85c3.dir/CheckSymbolExists.cxx.o  -o cmTC_d85c3 
CMakeFiles/cmTC_d85c3.dir/CheckSymbolExists.cxx.o: In function `main':
CheckSymbolExists.cxx:(.text+0x16): undefined reference to `pthread_create'
collect2: error: ld returned 1 exit status
gmake[2]: *** [cmTC_d85c3] Error 1
gmake[2]: Leaving directory `/home/ITER/ferrog/SUP/sequencer/src/test/c++/build/CMakeFiles/CMakeTmp'
gmake[1]: *** [cmTC_d85c3/fast] Error 2
gmake[1]: Leaving directory `/home/ITER/ferrog/SUP/sequencer/src/test/c++/build/CMakeFiles/CMakeTmp'

File /home/ITER/ferrog/SUP/sequencer/src/test/c++/build/CMakeFiles/CMakeTmp/CheckSymbolExists.cxx:
/* */
#include <pthread.h>

int main(int argc, char** argv)
{
  (void)argv;
#ifndef pthread_create
  return ((int*)(&pthread_create))[argc];
#else
  (void)argc;
  return 0;
#endif
}

Determining if the function pthread_create exists in the pthreads failed with the following output:
Change Dir: /home/ITER/ferrog/SUP/sequencer/src/test/c++/build/CMakeFiles/CMakeTmp

Run Build Command:"/usr/bin/gmake" "cmTC_ff827/fast"
gmake[1]: Entering directory `/home/ITER/ferrog/SUP/sequencer/src/test/c++/build/CMakeFiles/CMakeTmp'
gmake[1]: Warning: File `Makefile' has modification time 768 s in the future
/usr/bin/gmake -f CMakeFiles/cmTC_ff827.dir/build.make CMakeFiles/cmTC_ff827.dir/build
gmake[2]: Entering directory `/home/ITER/ferrog/SUP/sequencer/src/test/c++/build/CMakeFiles/CMakeTmp'
gmake[2]: Warning: File `CMakeFiles/cmTC_ff827.dir/flags.make' has modification time 768 s in the future
Building CXX object CMakeFiles/cmTC_ff827.dir/CheckFunctionExists.cxx.o
/usr/bin/c++    -DCHECK_FUNCTION_EXISTS=pthread_create   -o CMakeFiles/cmTC_ff827.dir/CheckFunctionExists.cxx.o -c /home/ITER/ferrog/SUP/sequencer/src/test/c++/build/CMakeFiles/CheckLibraryExists/CheckFunctionExists.cxx
Linking CXX executable cmTC_ff827
/usr/bin/cmake3 -E cmake_link_script CMakeFiles/cmTC_ff827.dir/link.txt --verbose=1
/usr/bin/c++   -DCHECK_FUNCTION_EXISTS=pthread_create    CMakeFiles/cmTC_ff827.dir/CheckFunctionExists.cxx.o  -o cmTC_ff827 -lpthreads 
/usr/bin/ld: cannot find -lpthreads
collect2: error: ld returned 1 exit status
gmake[2]: *** [cmTC_ff827] Error 1
gmake[2]: Leaving directory `/home/ITER/ferrog/SUP/sequencer/src/test/c++/build/CMakeFiles/CMakeTmp'
gmake[1]: *** [cmTC_ff827/fast] Error 2
gmake[1]: Leaving directory `/home/ITER/ferrog/SUP/sequencer/src/test/c++/build/CMakeFiles/CMakeTmp'


